This is pdfTeX, Version 3.14159265-2.6-1.40.18 (TeX Live 2017) (preloaded format=pdflatex 2018.2.8)  20 JUN 2018 15:27
entering extended mode
 restricted \write18 enabled.
 file:line:error style messages enabled.
 %&-line parsing enabled.
**Errors_Runtime.tex
(./Errors_Runtime.tex
LaTeX2e <2017-04-15>
Babel <3.10> and hyphenation patterns for 84 language(s) loaded.
./Errors_Runtime.tex:3: Undefined control sequence.
l.3 \section
            {Checking the effect of discrete lattice which Julian suggested?...

? 
./Errors_Runtime.tex:3: Emergency stop.
l.3 \section
            {Checking the effect of discrete lattice which Julian suggested?...
End of file on the terminal!

 
Here is how much of TeX's memory you used:
 5 strings out of 492995
 155 string characters out of 6132705
 54074 words of memory out of 5000000
 3658 multiletter control sequences out of 15000+600000
 3640 words of font info for 14 fonts, out of 8000000 for 9000
 1141 hyphenation exceptions out of 8191
 5i,0n,1p,135b,8s stack positions out of 5000i,500n,10000p,200000b,80000s
./Errors_Runtime.tex:3:  ==> Fatal error occurred, no output PDF file produced!

